0 info it worked if it ends with ok
1 verbose cli [ '/usr/local/bin/node',
1 verbose cli   '/usr/local/bin/npm',
1 verbose cli   'run',
1 verbose cli   'tsc',
1 verbose cli   '--',
1 verbose cli   'app/playground.ts',
1 verbose cli   '-w',
1 verbose cli   '--declarations' ]
2 info using npm@4.0.5
3 info using node@v7.4.0
4 verbose run-script [ 'pretsc', 'tsc', 'posttsc' ]
5 info lifecycle ecmascript2015-fast-course@1.0.0~pretsc: ecmascript2015-fast-course@1.0.0
6 silly lifecycle ecmascript2015-fast-course@1.0.0~pretsc: no script for pretsc, continuing
7 info lifecycle ecmascript2015-fast-course@1.0.0~tsc: ecmascript2015-fast-course@1.0.0
8 verbose lifecycle ecmascript2015-fast-course@1.0.0~tsc: unsafe-perm in lifecycle true
9 verbose lifecycle ecmascript2015-fast-course@1.0.0~tsc: PATH: /usr/local/lib/node_modules/npm/bin/node-gyp-bin:/home/clluiz/projetos/udemy_javascript_do_futuro/es6/node_modules/.bin:/home/clluiz/.local/share/umake/bin:/home/clluiz/bin:/home/clluiz/.local/bin:/opt/maven/bin:/home/clluiz/.local/share/umake/bin:/home/clluiz/bin:/home/clluiz/.local/bin:/opt/maven/bin:/usr/local/sbin:/usr/local/bin:/usr/sbin:/usr/bin:/sbin:/bin:/usr/games:/usr/local/games:/snap/bin:/snap/bin
10 verbose lifecycle ecmascript2015-fast-course@1.0.0~tsc: CWD: /home/clluiz/projetos/udemy_javascript_do_futuro/es6
11 silly lifecycle ecmascript2015-fast-course@1.0.0~tsc: Args: [ '-c', 'tsc "app/playground.ts" "-w" "--declarations"' ]
12 silly lifecycle ecmascript2015-fast-course@1.0.0~tsc: Returned: code: 1  signal: null
13 info lifecycle ecmascript2015-fast-course@1.0.0~tsc: Failed to exec tsc script
14 verbose stack Error: ecmascript2015-fast-course@1.0.0 tsc: `tsc "app/playground.ts" "-w" "--declarations"`
14 verbose stack Exit status 1
14 verbose stack     at EventEmitter.<anonymous> (/usr/local/lib/node_modules/npm/lib/utils/lifecycle.js:279:16)
14 verbose stack     at emitTwo (events.js:106:13)
14 verbose stack     at EventEmitter.emit (events.js:191:7)
14 verbose stack     at ChildProcess.<anonymous> (/usr/local/lib/node_modules/npm/lib/utils/spawn.js:40:14)
14 verbose stack     at emitTwo (events.js:106:13)
14 verbose stack     at ChildProcess.emit (events.js:191:7)
14 verbose stack     at maybeClose (internal/child_process.js:885:16)
14 verbose stack     at Process.ChildProcess._handle.onexit (internal/child_process.js:226:5)
15 verbose pkgid ecmascript2015-fast-course@1.0.0
16 verbose cwd /home/clluiz/projetos/udemy_javascript_do_futuro/es6
17 error Linux 4.4.0-87-generic
18 error argv "/usr/local/bin/node" "/usr/local/bin/npm" "run" "tsc" "--" "app/playground.ts" "-w" "--declarations"
19 error node v7.4.0
20 error npm  v4.0.5
21 error code ELIFECYCLE
22 error ecmascript2015-fast-course@1.0.0 tsc: `tsc "app/playground.ts" "-w" "--declarations"`
22 error Exit status 1
23 error Failed at the ecmascript2015-fast-course@1.0.0 tsc script 'tsc "app/playground.ts" "-w" "--declarations"'.
23 error Make sure you have the latest version of node.js and npm installed.
23 error If you do, this is most likely a problem with the ecmascript2015-fast-course package,
23 error not with npm itself.
23 error Tell the author that this fails on your system:
23 error     tsc "app/playground.ts" "-w" "--declarations"
23 error You can get information on how to open an issue for this project with:
23 error     npm bugs ecmascript2015-fast-course
23 error Or if that isn't available, you can get their info via:
23 error     npm owner ls ecmascript2015-fast-course
23 error There is likely additional logging output above.
24 verbose exit [ 1, true ]
